#"Step","Potential Energy (kJ/mole)","Temperature (K)"
3,-3204.7043495178223,341.3279191879078
6,-2934.6295413970947,224.7795927369453
9,-2894.519973754883,205.32359306722452
12,-2933.9514694213867,218.2043698366231
15,-2900.7176570892334,205.9542589489179
18,-2910.7046127319336,208.6362302587276
21,-2966.4592056274414,232.71843473271187
24,-2944.991859436035,225.55393109263323
27,-2911.4212646484375,214.07567356744386
30,-2958.508930206299,238.90244610073003
33,-2969.8621311187744,247.92450671683685
36,-2914.725528717041,231.6610647670997
39,-2932.5312156677246,245.11558373854646
42,-2986.5728511810303,268.7671341508875
45,-2911.487533569336,242.22407135859203
48,-2801.667263031006,197.7222544161939
51,-2841.0831604003906,217.41027953283623
54,-2931.5905838012695,258.4333435976039
57,-2894.32186126709,247.08175603899278
60,-2824.964942932129,222.4344529572413
63,-2849.432605743408,238.42685154570046
66,-2879.712205886841,256.4241682809389
69,-2842.8784713745117,242.86525034818396
72,-2814.61030960083,235.29943549756402
75,-2810.873405456543,233.39854865855727
78,-2789.993965148926,226.3761096087146
81,-2801.3104314804077,228.68118785144156
84,-2864.7744693756104,257.31015255805426
87,-2903.4607276916504,276.0260209233471
90,-2898.6655197143555,275.49080787003135
93,-2904.842613220215,290.8499227566557
96,-2917.051278114319,294.4233772521838
99,-2897.1725997924805,282.63228844202547
102,-2882.9449710845947,277.5439464259071
105,-2872.7048950195312,276.60133900259143
108,-2819.3615188598633,254.91959167114646
111,-2739.0933265686035,221.28143487000906
114,-2708.884292602539,215.36327663369426
117,-2748.456943511963,232.7488692864644
120,-2807.2898597717285,257.68118327815193
123,-2833.9577560424805,268.6084080086556
126,-2829.2773475646973,270.27845567650775
129,-2830.461093902588,275.8646693403588
132,-2847.4074096679688,279.93922300621176
135,-2861.83504486084,288.1967993558318
138,-2858.8923721313477,288.5755876136823
141,-2852.6275730133057,291.7156713366308
144,-2842.3315620422363,290.82087905720675
147,-2817.0380005836487,285.72135220588444
150,-2784.3590507507324,274.32935822199755
153,-2791.490686416626,279.7281603854773
156,-2827.2731533050537,292.46246444820457
159,-2837.5772819519043,296.9844537694448
162,-2810.8740768432617,287.4361730451417
165,-2805.5593976974487,280.39518171589117
168,-2813.6320419311523,281.9669897054116
171,-2797.5791273117065,274.0845455991948
174,-2795.9024963378906,278.26726218684865
177,-2840.083882331848,296.32089399553365
180,-2852.163230895996,304.58140527789527
183,-2791.959785461426,288.20437775378934
186,-2761.277011871338,277.83263656276057
189,-2787.970392227173,294.893311882272
192,-2783.560691833496,295.7284291916341
195,-2772.963275909424,292.1548512967416
198,-2809.576092481613,311.39220075581983
201,-2815.33079457283,316.83808703584907
204,-2749.7061924934387,292.4357268638007
207,-2721.877763748169,283.8035154955788
210,-2762.117467880249,301.88655338001763
213,-2777.396551132202,307.8603772490564
216,-2745.8906860351562,292.23213939052005
219,-2757.778121948242,299.39592902138196
222,-2797.1162548065186,315.74234035298304
225,-2772.6178913116455,309.5319370560118
228,-2731.241466522217,288.6793886485276
231,-2756.5280961990356,304.3652447865711
234,-2767.855854034424,308.1261592612768
237,-2734.4693660736084,292.688931540707
240,-2740.35711145401,297.1094878393811
243,-2783.362473487854,315.1313621349039
246,-2814.593384742737,330.23308520051745
249,-2838.9612007141113,344.0123999883395
252,-2843.832042694092,350.9204512137492
255,-2804.4757118225098,331.6715676987994
258,-2762.792896270752,315.3501312712514
261,-2772.9988317489624,317.47834873847967
264,-2808.7914414405823,333.3277814191539
267,-2792.37330698967,327.77729437275894
270,-2753.759156227112,309.9406336763969
273,-2754.9257111549377,307.6295365640008
276,-2772.291533470154,319.5717262356503
279,-2756.121175765991,315.4804724631065
282,-2737.10951423645,307.7917676329416
285,-2753.6271467208862,317.12846757916964
288,-2776.7600593566895,337.14336866208816
291,-2756.020345211029,326.1403956572239
294,-2694.643587589264,303.99404616953626
297,-2652.6423444747925,286.27602357087767
300,-2667.786093711853,299.8239653521468
303,-2719.523241043091,325.7322216485581
306,-2753.118320465088,338.5310410092029
309,-2750.238597869873,338.60057836676594
312,-2751.828323364258,336.2968585866738
315,-2767.868984222412,348.7016085218846
318,-2765.762252807617,346.2889251295312
321,-2742.5541076660156,342.5049248463538
324,-2714.6411361694336,329.7184687594874
327,-2689.4495887756348,318.373794195636
330,-2680.7359046936035,308.015159658508
333,-2708.4971313476562,318.71504672421054
336,-2725.0149002075195,327.9299084987817
339,-2710.8328285217285,318.10384973722023
342,-2706.179530620575,308.2597180928266
345,-2719.605013847351,317.5227839728812
348,-2712.3985414505005,311.20458425528443
351,-2702.8310012817383,309.5615596380883
354,-2733.7447662353516,325.5982922817558
357,-2766.48423576355,339.14339393436137
360,-2726.256187438965,318.8259847067157
363,-2657.8739795684814,289.1101416148398
366,-2657.002469062805,288.1840349921144
369,-2706.465726852417,310.8820491739524
372,-2725.147762298584,318.7010984653457
375,-2716.697555541992,317.02815546693586
378,-2699.354164123535,312.5347414640357
381,-2665.3584365844727,303.69719909272544
384,-2635.2918643951416,290.0666587476302
387,-2647.666244506836,296.6851867408972
390,-2672.115222930908,306.9170292138947
393,-2695.626194000244,319.8135942759181
396,-2724.050178527832,333.43310841408095
399,-2733.778553009033,335.7612610302255
402,-2707.863655090332,327.75196350526136
405,-2699.294075012207,324.8652643906501
408,-2732.8541946411133,343.18031260636087
411,-2745.181198120117,350.61432862401404
414,-2709.8946266174316,337.63531689304455
417,-2683.5817070007324,327.83362547233804
420,-2691.6374740600586,332.33481909391196
423,-2671.8777360916138,323.38191150239646
426,-2625.0025386810303,306.211292576328
429,-2621.1037197113037,304.0049852190194
432,-2645.1250534057617,320.18082800636324
435,-2670.0838050842285,332.1591737373886
438,-2697.7026023864746,353.4155986192137
441,-2723.15145111084,365.48761615190654
444,-2743.7236862182617,369.23246760541537
447,-2742.5890350341797,364.66218486668777
450,-2718.0739822387695,356.5414436819725
453,-2702.9541931152344,347.32482687571974
456,-2704.921875,346.44358766902775
459,-2698.7734870910645,345.5525146953187
462,-2695.972801208496,340.24325991356875
465,-2696.9447021484375,344.70884431724875
468,-2681.9642219543457,340.1317432715426
471,-2659.0876998901367,334.15402302912025
474,-2669.7736740112305,341.87614129787835
477,-2698.969795227051,358.0502044120458
480,-2686.77970123291,347.0232835438391
483,-2656.0842933654785,335.3551887716873
486,-2666.1391639709473,340.206509761858
489,-2691.2072143554688,347.3756315539916
492,-2683.987823486328,342.64758298742953
495,-2671.880226135254,334.4065247597136
498,-2692.433692932129,351.5868525645273
501,-2698.8350868225098,358.3691351604946
504,-2688.4446601867676,357.2891367461359
507,-2697.102584838867,363.1048356410311
510,-2722.520309448242,373.26369602834063
513,-2721.9238471984863,366.44953317570054
516,-2678.249366760254,344.2294406854333
519,-2645.5354614257812,330.1739874797226
522,-2661.5792922973633,335.14804611548584
525,-2670.863956451416,339.872827743449
528,-2645.7684383392334,333.62655246105487
531,-2661.19136428833,344.88983566010296
534,-2709.2819442749023,369.7780430612433
537,-2707.9712829589844,365.8550634036163
540,-2669.8016815185547,349.86700182271915
543,-2658.451259613037,346.0778044435483
546,-2679.3579864501953,355.4538374110179
549,-2699.504665374756,363.4184499682911
552,-2695.709056854248,358.0578108245188
555,-2671.85587310791,349.0956596009591
558,-2647.9736366271973,343.36459663923097
561,-2637.8019323349,335.0049120981646
564,-2669.1417293548584,350.1303340279303
567,-2727.9262676239014,374.77291594502185
570,-2745.1318130493164,383.7795125677476
573,-2707.763235092163,368.4820023181941
576,-2670.93145942688,354.4584825703341
579,-2667.4789905548096,355.2794883594513
582,-2674.5424041748047,360.30552265722
585,-2671.21524810791,351.927474410879
588,-2679.2735710144043,354.6830465055214
591,-2686.887519836426,358.09483995841475
594,-2665.377784729004,358.8030645279987
597,-2636.6724243164062,345.0069354127079
600,-2644.1351470947266,348.98056958593946
603,-2678.792854309082,364.14146471101304
606,-2702.091407775879,374.7878807831736
609,-2708.8682022094727,375.22626697596303
612,-2700.02689743042,369.51771083184116
615,-2682.2884063720703,363.33673351220034
618,-2674.7204055786133,364.2774477495451
621,-2674.6441078186035,362.79341753622447
624,-2665.089900970459,358.1280617738536
627,-2652.062370300293,350.9463185000704
630,-2626.944347381592,339.8068756954388
633,-2593.713333129883,329.4079095124045
636,-2604.3542861938477,338.5792985582517
639,-2683.7095108032227,370.5034316563933
642,-2741.982208251953,399.543437283735
645,-2731.906162261963,397.8597582373302
648,-2670.868881225586,372.0431142992616
651,-2610.9719314575195,344.8745100646228
654,-2618.3960876464844,350.3364534408236
657,-2687.9986114501953,385.6250985238139
660,-2700.6529388427734,391.02008824687243
663,-2651.4859504699707,368.9722223939062
666,-2646.658592224121,369.2791882290049
669,-2672.006603240967,377.1589840663873
672,-2652.640537261963,368.88428706548797
675,-2601.4154415130615,351.75797125962987
678,-2600.6673336029053,352.6170831816821
681,-2623.205406188965,362.56974117146643
684,-2628.659397125244,366.3222523720618
687,-2634.769260406494,371.4909883476009
690,-2636.5060958862305,371.3890996824243
693,-2613.2819213867188,362.31255297107236
696,-2604.2442932128906,354.70716870049284
699,-2636.746940612793,368.4959122700561
702,-2662.4449768066406,377.2466731536901
705,-2654.9063568115234,372.0561806940026
708,-2659.8330154418945,379.33214113212716
711,-2669.2106170654297,384.834077260739
714,-2654.693962097168,385.08946468923523
717,-2646.368221282959,386.69579889219716
720,-2667.5290660858154,394.36185465191573
723,-2675.0126247406006,399.47210958264515
726,-2639.4779472351074,378.1819157525446
729,-2614.817050933838,366.23672676777477
732,-2636.431219100952,378.3784310062108
735,-2642.629056930542,387.35599276203965
738,-2644.9808349609375,390.6818835513365
741,-2681.6653900146484,402.8207823735149
744,-2706.175079345703,408.240297196533
747,-2703.138717651367,402.99027376775086
750,-2713.7657432556152,399.9099410934955
753,-2701.5464630126953,391.8713681325474
756,-2635.4425888061523,363.10915848729286
759,-2584.501552581787,342.16400177693663
762,-2595.6927909851074,349.38982454610976
765,-2611.3666038513184,355.18447283466963
768,-2624.941436767578,357.8041559403559
771,-2669.7592582702637,380.6069618131161
774,-2689.941005706787,387.57718262870173
777,-2648.2540588378906,360.87657566899315
780,-2604.7995166778564,339.84256684680304
783,-2605.263774871826,340.4739332974541
786,-2633.4347076416016,353.23028652752413
789,-2658.5056796073914,365.04518128483414
792,-2670.509615421295,359.9851801078503
795,-2660.5993032455444,356.9018047616941
798,-2645.2777791023254,347.1283775473459
801,-2651.7467832565308,348.6353662227154
804,-2674.056032180786,365.7285635656533
807,-2688.563901901245,372.4484669985645
810,-2702.707715988159,373.787399717267
813,-2726.946973800659,387.243409047432
816,-2735.450542449951,399.52136309744225
819,-2689.2381343841553,379.2653994626811
822,-2627.91597366333,356.871178351377
825,-2611.359468460083,355.97143680442673
828,-2619.4104957580566,357.7489975306076
831,-2609.9729537963867,353.88250762449877
834,-2611.452739715576,350.7341006201788
837,-2660.6237983703613,371.88198255919724
840,-2692.297148704529,380.980916056609
843,-2645.542094707489,361.56449340410137
846,-2598.688910961151,340.8624493990277
849,-2631.4336471557617,355.692187065139
852,-2683.912685394287,378.6984854540794
855,-2671.878011703491,371.8066801193266
858,-2632.117874145508,355.82857070883534
861,-2617.0024585723877,350.36324950669666
864,-2625.293613433838,352.6746465641666
867,-2635.731559753418,356.42187411111576
870,-2632.7872276306152,353.38367851307294
873,-2630.821220397949,353.4663261138289
876,-2628.72762298584,352.84509906275247
879,-2660.129871368408,364.7921429966768
882,-2703.094470977783,380.16524631593927
885,-2672.125198364258,362.53987126610053
888,-2606.304130554199,332.23982074027816
891,-2628.7807579040527,346.5314571660073
894,-2678.7162742614746,369.78642695905165
897,-2630.770071029663,354.347647929738
900,-2572.1061611175537,330.88517303175666
903,-2618.0089073181152,351.06829919715096
906,-2666.7541465759277,368.3878237203813
909,-2628.140422821045,348.7279595514324
912,-2588.801977157593,337.88362654741917
915,-2631.332845687866,362.48972052455184
918,-2668.1467514038086,378.43213140432925
921,-2657.2699394226074,365.16326768147394
924,-2657.0523948669434,366.62444287177306
927,-2646.399829864502,362.4587243045122
930,-2598.5709075927734,337.44977792021905
933,-2574.5991649627686,321.466956609653
936,-2605.0599269866943,335.3887693310885
939,-2617.6519947052,344.8165462173977
942,-2606.2514305114746,338.24913079071337
945,-2634.360195159912,353.21022298797345
948,-2691.53009223938,381.5365844552425
951,-2720.8887367248535,390.9386222120596
954,-2721.7742490768433,389.9837442913954
957,-2700.647512435913,376.2594784994858
960,-2669.981559753418,358.7541552294262
963,-2633.246223449707,344.50285090540586
966,-2622.645263671875,337.71506310845456
969,-2659.0173416137695,358.50691560198453
972,-2672.4538192749023,364.87651213231817
975,-2645.021625518799,362.1298392853747
978,-2636.401828765869,358.29034165651564
981,-2670.249198913574,378.8474439537197
984,-2696.385139465332,392.8165874882147
987,-2686.206518173218,387.09655571745884
990,-2672.254894256592,383.41313508670936
993,-2653.962854385376,373.0074978539794
996,-2623.779754638672,363.74883073967453
999,-2593.0506563186646,348.9425651545138
1002,-2589.33069896698,352.30820767990144
1005,-2627.533534049988,367.6405327907894
1008,-2648.4262714385986,381.69137777947213
1011,-2612.211717605591,368.96510400867334
1014,-2576.8000297546387,352.584391020255
1017,-2568.050640106201,348.2472466310199
1020,-2561.5624194145203,344.4084479837667
1023,-2568.469254016876,353.6702706408891
1026,-2580.3582429885864,357.10585767917667
1029,-2567.850164413452,351.60198942101823
1032,-2586.9770317077637,357.84550326536964
1035,-2625.8805632591248,373.78068668089116
1038,-2613.606155395508,369.55127596332517
1041,-2589.124813079834,357.60115442433397
1044,-2619.610887527466,371.65208297056427
1047,-2638.1570892333984,377.2473684872432
1050,-2623.2243700027466,367.780820405939
1053,-2615.5610275268555,364.3953498534131
1056,-2630.056655883789,370.7437961586381
1059,-2636.670783996582,373.16769155317127
1062,-2641.122329711914,381.68481035406273
1065,-2629.3371200561523,375.6204512163096
1068,-2612.052803039551,367.53406279522363
1071,-2617.7641525268555,370.31708555311076
1074,-2646.843780517578,386.5352433779863
1077,-2647.9311294555664,388.8647898016639
1080,-2614.457492828369,375.49024127519175
1083,-2611.4356231689453,369.9374378678853
1086,-2641.2071838378906,390.8002857714142
1089,-2647.5523138046265,387.202586234879
1092,-2633.7297077178955,377.5584943609857
1095,-2634.495238304138,375.8533563621909
1098,-2642.3548889160156,382.65417147360745
1101,-2623.0675916671753,372.5582646275136
1104,-2588.4796590805054,365.3524631637229
1107,-2592.1844272613525,369.69867917482424
1110,-2638.2108974456787,387.7670131904237
1113,-2676.0467643737793,404.15989392780415
1116,-2670.291404724121,403.9007707316528
1119,-2626.9129943847656,381.93658084675513
1122,-2596.935905456543,363.2115713197118
1125,-2615.142663002014,371.5482252023771
1128,-2630.086437225342,378.5081091795683
1131,-2617.612512588501,375.7747587211056
1134,-2612.8189373016357,369.2657548776941
1137,-2638.3274126052856,384.77962110033786
1140,-2625.71373796463,380.92828471587393
1143,-2586.9927835464478,366.7169748266944
1146,-2591.5806589126587,372.26423282404824
1149,-2635.2556352615356,391.10790063019857
1152,-2623.489700317383,387.42795780325275
1155,-2556.2044563293457,359.0035584541402
1158,-2541.9441833496094,357.0522640653581
1161,-2576.041965484619,370.3365127433069
1164,-2590.0937843322754,377.67427275948745
1167,-2586.126350402832,383.5050093311724
1170,-2571.620615005493,380.85106704420457
1173,-2560.3409843444824,382.93482909766806
1176,-2587.3119049072266,394.1016779421872
1179,-2631.0475120544434,412.63732224847126
1182,-2647.7062797546387,419.1698557488183
1185,-2651.5906524658203,420.5959715668402
1188,-2634.7177543640137,405.15576353566945
1191,-2601.1716289520264,393.57369617827794
1194,-2576.4474773406982,378.86959629811537
1197,-2543.367667198181,369.1629105630574
1200,-2496.1895275115967,349.63884108375635
